<?xml version="1.0" encoding="UTF-8"?>
<testng-results skipped="0" failed="0" total="1" passed="1">
  <reporter-output>
  </reporter-output>
  <suite name="Default suite" duration-ms="166010" started-at="2019-09-03T08:30:38Z" finished-at="2019-09-03T08:33:24Z">
    <groups>
    </groups>
    <test name="Default test" duration-ms="166010" started-at="2019-09-03T08:30:38Z" finished-at="2019-09-03T08:33:24Z">
      <class name="testingGeeksforgeeks.testingGeeksforgeeks">
        <test-method status="PASS" signature="verifyGeeksforgeeks()[pri:0, instance:testingGeeksforgeeks.testingGeeksforgeeks@1035e27]" name="verifyGeeksforgeeks" duration-ms="165985" started-at="2019-09-03T14:00:38Z" finished-at="2019-09-03T14:03:24Z">
          <reporter-output>
          </reporter-output>
        </test-method> <!-- verifyGeeksforgeeks -->
      </class> <!-- testingGeeksforgeeks.testingGeeksforgeeks -->
    </test> <!-- Default test -->
  </suite> <!-- Default suite -->
</testng-results>
